<?xml version="1.0" encoding="UTF-8"?>
<!-- Generated by org.testng.reporters.JUnitReportReporter -->
<testsuite hostname="DESKTOP-5PQG68E" failures="0" tests="2" name="com.supermarket.tests.ManageLocationTest" time="30.520" errors="0" timestamp="2022-11-08T14:13:47 IST" skipped="0">
  <testcase classname="com.supermarket.tests.ManageLocationTest" name="create_ManageLocationData" time="17.227"/>
  <system-out/>
  <testcase classname="com.supermarket.tests.ManageLocationTest" name="create_ManageLocationData" time="13.293"/>
  <system-out/>
</testsuite> <!-- com.supermarket.tests.ManageLocationTest -->
