<?xml version="1.0" encoding="UTF-8"?>
<!-- Generated by org.testng.reporters.JUnitReportReporter -->
<testsuite hostname="DESKTOP-5PQG68E" failures="0" tests="1" name="com.supermarket.tests.AdminUserTest" time="12.701" errors="0" timestamp="2022-11-08T14:25:51 IST" skipped="0">
  <testcase classname="com.supermarket.tests.AdminUserTest" name="enter_AdminUserDataDetails" time="12.701"/>
  <system-out/>
</testsuite> <!-- com.supermarket.tests.AdminUserTest -->
