<?xml version="1.0" encoding="UTF-8"?>
<!-- Generated by org.testng.reporters.JUnitReportReporter -->
<testsuite hostname="DESKTOP-5PQG68E" failures="0" tests="1" name="com.supermarket.tests.ManageExpenseTest" time="18.950" errors="0" timestamp="2022-11-09T08:47:56 IST" skipped="0">
  <testcase classname="com.supermarket.tests.ManageExpenseTest" name="create_ExpenseCategoryDataFromPdf" time="18.950"/>
  <system-out/>
</testsuite> <!-- com.supermarket.tests.ManageExpenseTest -->
