<?xml version="1.0" encoding="UTF-8"?>
<!-- Generated by org.testng.reporters.JUnitReportReporter -->
<testsuite hostname="DESKTOP-5PQG68E" failures="0" tests="1" name="com.supermarket.tests.PushNotificationTest" time="28.479" errors="0" timestamp="2022-11-09T08:59:55 IST" skipped="0">
  <testcase classname="com.supermarket.tests.PushNotificationTest" name="verify_PushNotification" time="28.479"/>
  <system-out/>
</testsuite> <!-- com.supermarket.tests.PushNotificationTest -->
