<?xml version="1.0" encoding="UTF-8"?>
<!-- Generated by org.testng.reporters.JUnitReportReporter -->
<testsuite hostname="DESKTOP-5PQG68E" failures="0" tests="1" name="com.supermarket.tests.ManageExpenseTest" time="118.252" errors="0" timestamp="2022-10-26T10:42:59 IST" skipped="0">
  <testcase classname="com.supermarket.tests.ManageExpenseTest" name="verify_SubManageExpenseFunctionalities" time="118.252"/>
  <system-out/>
</testsuite> <!-- com.supermarket.tests.ManageExpenseTest -->
