<?xml version="1.0" encoding="UTF-8"?>
<!-- Generated by org.testng.reporters.JUnitReportReporter -->
<testsuite hostname="DESKTOP-5PQG68E" failures="0" tests="1" name="com.supermarket.tests.ManagerUserTest" time="21.738" errors="0" timestamp="2022-11-07T14:49:27 IST" skipped="0">
  <testcase classname="com.supermarket.tests.ManagerUserTest" name="verify_SearchInvalidDataOfManagerUser" time="21.738"/>
  <system-out/>
</testsuite> <!-- com.supermarket.tests.ManagerUserTest -->
