<?xml version="1.0" encoding="UTF-8"?>
<!-- Generated by org.testng.reporters.JUnitReportReporter -->
<testsuite hostname="DESKTOP-5PQG68E" failures="0" tests="1" name="com.supermarket.tests.ManagerUserTest" time="18.080" errors="0" timestamp="2022-10-26T18:36:17 IST" skipped="0">
  <testcase classname="com.supermarket.tests.ManagerUserTest" name="verify_SearchInvalidDataOfManagerUser" time="18.080"/>
  <system-out/>
</testsuite> <!-- com.supermarket.tests.ManagerUserTest -->
