<?xml version="1.0" encoding="UTF-8"?>
<!-- Generated by org.testng.reporters.JUnitReportReporter -->
<testsuite hostname="DESKTOP-5PQG68E" failures="0" tests="2" name="com.supermarket.tests.PushNotificationTest" time="65.515" errors="0" timestamp="2022-10-26T06:23:35 IST" skipped="0">
  <testcase classname="com.supermarket.tests.PushNotificationTest" name="create_PushNotificationDataByDataProvider" time="25.111"/>
  <system-out/>
  <testcase classname="com.supermarket.tests.PushNotificationTest" name="create_PushNotificationDataByDataProvider" time="40.404"/>
  <system-out/>
</testsuite> <!-- com.supermarket.tests.PushNotificationTest -->
