<?xml version="1.0" encoding="UTF-8"?>
<!-- Generated by org.testng.reporters.JUnitReportReporter -->
<testsuite hostname="DESKTOP-5PQG68E" failures="0" tests="1" name="com.supermarket.tests.ManageOrderTest" time="17.863" errors="0" timestamp="2022-10-31T09:53:24 IST" skipped="0">
  <testcase classname="com.supermarket.tests.ManageOrderTest" name="verify_ManageOrder" time="17.863"/>
  <system-out/>
</testsuite> <!-- com.supermarket.tests.ManageOrderTest -->
