<?xml version="1.0" encoding="UTF-8"?>
<!-- Generated by org.testng.reporters.JUnitReportReporter -->
<testsuite hostname="DESKTOP-5PQG68E" failures="0" tests="1" name="com.supermarket.tests.DashBoardTest" time="26.855" errors="0" timestamp="2022-10-23T19:44:39 IST" skipped="0">
  <testcase classname="com.supermarket.tests.DashBoardTest" name="verify_Dashboard" time="26.855"/>
  <system-out/>
</testsuite> <!-- com.supermarket.tests.DashBoardTest -->
