<?xml version="1.0" encoding="UTF-8"?>
<!-- Generated by org.testng.reporters.JUnitReportReporter -->
<testsuite hostname="DESKTOP-5PQG68E" failures="0" tests="1" name="com.supermarket.tests.ManageSliderTest" time="16.858" errors="0" timestamp="2022-11-07T19:49:25 IST" skipped="0">
  <testcase classname="com.supermarket.tests.ManageSliderTest" name="create_DataOfManageSlideFromExcel" time="16.858"/>
  <system-out/>
</testsuite> <!-- com.supermarket.tests.ManageSliderTest -->
