<?xml version="1.0" encoding="UTF-8"?>
<!-- Generated by org.testng.reporters.JUnitReportReporter -->
<testsuite hostname="DESKTOP-5PQG68E" failures="0" tests="1" name="com.supermarket.tests.ManageDeliveryBoyTest" time="30.716" errors="0" timestamp="2022-11-07T08:07:40 IST" skipped="0">
  <testcase classname="com.supermarket.tests.ManageDeliveryBoyTest" name="verify_NewDeliveryBoyCreation" time="30.716"/>
  <system-out/>
</testsuite> <!-- com.supermarket.tests.ManageDeliveryBoyTest -->
