<?xml version="1.0" encoding="UTF-8"?>
<!-- Generated by org.testng.reporters.JUnitReportReporter -->
<testsuite hostname="DESKTOP-5PQG68E" failures="0" tests="1" name="com.supermarket.tests.ManageOfferCodeTest" time="19.951" errors="0" timestamp="2022-11-07T17:13:30 IST" skipped="0">
  <testcase classname="com.supermarket.tests.ManageOfferCodeTest" name="create_DataForManageOfferCode" time="19.951"/>
  <system-out/>
</testsuite> <!-- com.supermarket.tests.ManageOfferCodeTest -->
