<?xml version="1.0" encoding="UTF-8"?>
<!-- Generated by org.testng.reporters.JUnitReportReporter -->
<testsuite hostname="DESKTOP-5PQG68E" failures="0" tests="1" name="com.supermarket.tests.ManageProductTest" time="15.691" errors="0" timestamp="2022-11-07T11:27:22 IST" skipped="0">
  <testcase classname="com.supermarket.tests.ManageProductTest" name="verify_ManageProduct" time="15.691"/>
  <system-out/>
</testsuite> <!-- com.supermarket.tests.ManageProductTest -->
